<?xml version="1.0" encoding="UTF-8"?>
<testng-results skipped="0" failed="1" total="1" passed="0">
  <reporter-output>
  </reporter-output>
  <suite name="Default suite" duration-ms="157169" started-at="2018-10-22T16:12:03Z" finished-at="2018-10-22T16:14:40Z">
    <groups>
    </groups>
    <test name="Default test" duration-ms="157169" started-at="2018-10-22T16:12:03Z" finished-at="2018-10-22T16:14:40Z">
      <class name="Xero3Test.XeroDriverScriptTest">
        <test-method status="FAIL" signature="tc3Login_Error_Message_Tc3()[pri:0, instance:Xero3Test.XeroDriverScriptTest@13805618]" name="tc3Login_Error_Message_Tc3" duration-ms="157081" started-at="2018-10-22T12:12:03Z" finished-at="2018-10-22T12:14:40Z">
          <exception class="org.openqa.selenium.ElementClickInterceptedException">
            <message>
              <![CDATA[Element <a class="btn btn-tertiary-alt global-ceiling-bar-btn" href="https://login.xero.com/"> is not clickable at point (1028.208351135254,30) because another element <img class="EHp11OHK8o" src="https://t.1p1eqpotato.com/t/?s=50&a=48b6b1c8d61511e884090242ac11000d&b=48b6b1c8d61511e884090242ac11000d-1-2684&r=https%3A%2F%2Frsimage-a.akamaihd.net%2Fsimg%3Fk%3D%252Fimg%252F97408056-bef9-45eb-bc75-6fcc3d511084.jpg%26b%3Dmedia.rsimg.50rtx.com%26h%3D150%26w%3D150"> obscures it
Build info: version: '3.14.0', revision: 'aacccce0', time: '2018-08-02T20:19:58.91Z'
System info: host: 'DESKTOP-GFB0D2V', ip: '10.0.0.10', os.name: 'Windows 10', os.arch: 'amd64', os.version: '10.0', java.version: '1.8.0_144'
Driver info: org.openqa.selenium.firefox.FirefoxDriver
Capabilities {acceptInsecureCerts: true, browserName: firefox, browserVersion: 62.0.2, javascriptEnabled: true, moz:accessibilityChecks: false, moz:geckodriverVersion: 0.22.0, moz:headless: false, moz:processID: 16716, moz:profile: C:\Users\devesh\AppData\Loc..., moz:useNonSpecCompliantPointerOrigin: false, moz:webdriverClick: true, pageLoadStrategy: normal, platform: XP, platformName: XP, platformVersion: 10.0, rotatable: false, timeouts: {implicit: 0, pageLoad: 300000, script: 30000}}
Session ID: 724f0e52-92d4-4cf0-8028-1c77442ba51b]]>
            </message>
            <full-stacktrace>
              <![CDATA[org.openqa.selenium.ElementClickInterceptedException: Element <a class="btn btn-tertiary-alt global-ceiling-bar-btn" href="https://login.xero.com/"> is not clickable at point (1028.208351135254,30) because another element <img class="EHp11OHK8o" src="https://t.1p1eqpotato.com/t/?s=50&a=48b6b1c8d61511e884090242ac11000d&b=48b6b1c8d61511e884090242ac11000d-1-2684&r=https%3A%2F%2Frsimage-a.akamaihd.net%2Fsimg%3Fk%3D%252Fimg%252F97408056-bef9-45eb-bc75-6fcc3d511084.jpg%26b%3Dmedia.rsimg.50rtx.com%26h%3D150%26w%3D150"> obscures it
Build info: version: '3.14.0', revision: 'aacccce0', time: '2018-08-02T20:19:58.91Z'
System info: host: 'DESKTOP-GFB0D2V', ip: '10.0.0.10', os.name: 'Windows 10', os.arch: 'amd64', os.version: '10.0', java.version: '1.8.0_144'
Driver info: org.openqa.selenium.firefox.FirefoxDriver
Capabilities {acceptInsecureCerts: true, browserName: firefox, browserVersion: 62.0.2, javascriptEnabled: true, moz:accessibilityChecks: false, moz:geckodriverVersion: 0.22.0, moz:headless: false, moz:processID: 16716, moz:profile: C:\Users\devesh\AppData\Loc..., moz:useNonSpecCompliantPointerOrigin: false, moz:webdriverClick: true, pageLoadStrategy: normal, platform: XP, platformName: XP, platformVersion: 10.0, rotatable: false, timeouts: {implicit: 0, pageLoad: 300000, script: 30000}}
Session ID: 724f0e52-92d4-4cf0-8028-1c77442ba51b
	at sun.reflect.NativeConstructorAccessorImpl.newInstance0(Native Method)
	at sun.reflect.NativeConstructorAccessorImpl.newInstance(NativeConstructorAccessorImpl.java:62)
	at sun.reflect.DelegatingConstructorAccessorImpl.newInstance(DelegatingConstructorAccessorImpl.java:45)
	at java.lang.reflect.Constructor.newInstance(Constructor.java:423)
	at org.openqa.selenium.remote.http.W3CHttpResponseCodec.createException(W3CHttpResponseCodec.java:187)
	at org.openqa.selenium.remote.http.W3CHttpResponseCodec.decode(W3CHttpResponseCodec.java:122)
	at org.openqa.selenium.remote.http.W3CHttpResponseCodec.decode(W3CHttpResponseCodec.java:49)
	at org.openqa.selenium.remote.HttpCommandExecutor.execute(HttpCommandExecutor.java:158)
	at org.openqa.selenium.remote.service.DriverCommandExecutor.execute(DriverCommandExecutor.java:83)
	at org.openqa.selenium.remote.RemoteWebDriver.execute(RemoteWebDriver.java:548)
	at org.openqa.selenium.remote.RemoteWebElement.execute(RemoteWebElement.java:276)
	at org.openqa.selenium.remote.RemoteWebElement.click(RemoteWebElement.java:83)
	at Xero3Test.ReUsableMethodsForXero.clickElement(ReUsableMethodsForXero.java:51)
	at Xero3Test.AutomationXero.tc3Login_Error_Message_Tc3(AutomationXero.java:54)
	at sun.reflect.NativeMethodAccessorImpl.invoke0(Native Method)
	at sun.reflect.NativeMethodAccessorImpl.invoke(NativeMethodAccessorImpl.java:62)
	at sun.reflect.DelegatingMethodAccessorImpl.invoke(DelegatingMethodAccessorImpl.java:43)
	at java.lang.reflect.Method.invoke(Method.java:498)
	at org.testng.internal.MethodInvocationHelper.invokeMethod(MethodInvocationHelper.java:85)
	at org.testng.internal.Invoker.invokeMethod(Invoker.java:639)
	at org.testng.internal.Invoker.invokeTestMethod(Invoker.java:816)
	at org.testng.internal.Invoker.invokeTestMethods(Invoker.java:1124)
	at org.testng.internal.TestMethodWorker.invokeTestMethods(TestMethodWorker.java:125)
	at org.testng.internal.TestMethodWorker.run(TestMethodWorker.java:108)
	at org.testng.TestRunner.privateRun(TestRunner.java:774)
	at org.testng.TestRunner.run(TestRunner.java:624)
	at org.testng.SuiteRunner.runTest(SuiteRunner.java:359)
	at org.testng.SuiteRunner.runSequentially(SuiteRunner.java:354)
	at org.testng.SuiteRunner.privateRun(SuiteRunner.java:312)
	at org.testng.SuiteRunner.run(SuiteRunner.java:261)
	at org.testng.SuiteRunnerWorker.runSuite(SuiteRunnerWorker.java:52)
	at org.testng.SuiteRunnerWorker.run(SuiteRunnerWorker.java:86)
	at org.testng.TestNG.runSuitesSequentially(TestNG.java:1191)
	at org.testng.TestNG.runSuitesLocally(TestNG.java:1116)
	at org.testng.TestNG.run(TestNG.java:1024)
	at org.testng.remote.AbstractRemoteTestNG.run(AbstractRemoteTestNG.java:114)
	at org.testng.remote.RemoteTestNG.initAndRun(RemoteTestNG.java:251)
	at org.testng.remote.RemoteTestNG.main(RemoteTestNG.java:77)
]]>
            </full-stacktrace>
          </exception> <!-- org.openqa.selenium.ElementClickInterceptedException -->
          <reporter-output>
          </reporter-output>
        </test-method> <!-- tc3Login_Error_Message_Tc3 -->
      </class> <!-- Xero3Test.XeroDriverScriptTest -->
    </test> <!-- Default test -->
  </suite> <!-- Default suite -->
</testng-results>
